<?xml version="1.0" encoding="UTF-8"?>
<!-- Generated by org.testng.reporters.JUnitXMLReporter -->
<testsuite hostname="LAPTOP-O7MG0NNP" ignored="0" name="Default test" tests="4" failures="0" timestamp="30 Mar 2020 16:16:07 GMT" time="101.156" errors="0">
  <testcase name="navCalendarPage" time="3.021" classname="com.crm.qa.testcases.HomePageTest"/>
  <testcase name="navContactPage" time="3.386" classname="com.crm.qa.testcases.HomePageTest"/>
  <testcase name="verifyHomePage" time="0.034" classname="com.crm.qa.testcases.HomePageTest"/>
  <testcase name="verifyUserName" time="2.266" classname="com.crm.qa.testcases.HomePageTest"/>
</testsuite> <!-- Default test -->
