<?xml version="1.0" encoding="UTF-8" ?>
<testsuite tests="10" failures="3" name="TestSuite" time="87.709" errors="0" skipped="0">
  <properties>
[...]
</properties>
  <testcase classname="com.crm.qa.testcases.ContactPageTest" name="createContact" time="23.642">
    <failure message="no such element: Unable to locate element: {&quot;method&quot;:&quot;xpath&quot;,&quot;selector&quot;:&quot;//input[@name=&apos;first_name&apos;]&quot;}
  (Session info: chrome=80.0.3987.149)
For documentation on this error, please visit: http://seleniumhq.org/exceptions/no_such_element.html
Build info: version: &apos;3.14.0&apos;, revision: &apos;aacccce0&apos;, time: &apos;2018-08-02T20:19:58.91Z&apos;
System info: host: &apos;LAPTOP-O7MG0NNP&apos;, ip: &apos;192.168.0.82&apos;, os.name: &apos;Windows 10&apos;, os.arch: &apos;amd64&apos;, os.version: &apos;10.0&apos;, java.version: &apos;1.8.0_131&apos;
Driver info: org.openqa.selenium.chrome.ChromeDriver
Capabilities {acceptInsecureCerts: false, browserName: chrome, browserVersion: 80.0.3987.149, chrome: {chromedriverVersion: 80.0.3987.106 (f68069574609..., userDataDir: C:\Users\AmSu\AppData\Local...}, goog:chromeOptions: {debuggerAddress: localhost:58289}, javascriptEnabled: true, networkConnectionEnabled: false, pageLoadStrategy: normal, platform: WINDOWS, platformName: WINDOWS, proxy: Proxy(), setWindowRect: true, strictFileInteractability: false, timeouts: {implicit: 0, pageLoad: 300000, script: 30000}, unhandledPromptBehavior: dismiss and notify}
Session ID: aa3c271041bb1cee66601159bb337330
*** Element info: {Using=xpath, value=//input[@name=&apos;first_name&apos;]}" type="org.openqa.selenium.NoSuchElementException">org.openqa.selenium.NoSuchElementException: no such element: Unable to locate element: {&quot;method&quot;:&quot;xpath&quot;,&quot;selector&quot;:&quot;//input[@name=&apos;first_name&apos;]&quot;}
  (Session info: chrome=80.0.3987.149)
For documentation on this error, please visit: http://seleniumhq.org/exceptions/no_such_element.html
Build info: version: &apos;3.14.0&apos;, revision: &apos;aacccce0&apos;, time: &apos;2018-08-02T20:19:58.91Z&apos;
System info: host: &apos;LAPTOP-O7MG0NNP&apos;, ip: &apos;192.168.0.82&apos;, os.name: &apos;Windows 10&apos;, os.arch: &apos;amd64&apos;, os.version: &apos;10.0&apos;, java.version: &apos;1.8.0_131&apos;
Driver info: org.openqa.selenium.chrome.ChromeDriver
Capabilities {acceptInsecureCerts: false, browserName: chrome, browserVersion: 80.0.3987.149, chrome: {chromedriverVersion: 80.0.3987.106 (f68069574609..., userDataDir: C:\Users\AmSu\AppData\Local...}, goog:chromeOptions: {debuggerAddress: localhost:58289}, javascriptEnabled: true, networkConnectionEnabled: false, pageLoadStrategy: normal, platform: WINDOWS, platformName: WINDOWS, proxy: Proxy(), setWindowRect: true, strictFileInteractability: false, timeouts: {implicit: 0, pageLoad: 300000, script: 30000}, unhandledPromptBehavior: dismiss and notify}
Session ID: aa3c271041bb1cee66601159bb337330
*** Element info: {Using=xpath, value=//input[@name=&apos;first_name&apos;]}
	at sun.reflect.NativeConstructorAccessorImpl.newInstance0(Native Method)
	at sun.reflect.NativeConstructorAccessorImpl.newInstance(NativeConstructorAccessorImpl.java:62)
	at sun.reflect.DelegatingConstructorAccessorImpl.newInstance(DelegatingConstructorAccessorImpl.java:45)
	at java.lang.reflect.Constructor.newInstance(Constructor.java:423)
	at org.openqa.selenium.remote.http.W3CHttpResponseCodec.createException(W3CHttpResponseCodec.java:187)
	at org.openqa.selenium.remote.http.W3CHttpResponseCodec.decode(W3CHttpResponseCodec.java:122)
	at org.openqa.selenium.remote.http.W3CHttpResponseCodec.decode(W3CHttpResponseCodec.java:49)
	at org.openqa.selenium.remote.HttpCommandExecutor.execute(HttpCommandExecutor.java:158)
	at org.openqa.selenium.remote.service.DriverCommandExecutor.execute(DriverCommandExecutor.java:83)
	at org.openqa.selenium.remote.RemoteWebDriver.execute(RemoteWebDriver.java:548)
	at org.openqa.selenium.remote.RemoteWebDriver.findElement(RemoteWebDriver.java:322)
	at org.openqa.selenium.remote.RemoteWebDriver.findElementByXPath(RemoteWebDriver.java:424)
	at org.openqa.selenium.By$ByXPath.findElement(By.java:353)
	at org.openqa.selenium.remote.RemoteWebDriver.findElement(RemoteWebDriver.java:314)
	at sun.reflect.NativeMethodAccessorImpl.invoke0(Native Method)
	at sun.reflect.NativeMethodAccessorImpl.invoke(NativeMethodAccessorImpl.java:62)
	at sun.reflect.DelegatingMethodAccessorImpl.invoke(DelegatingMethodAccessorImpl.java:43)
	at java.lang.reflect.Method.invoke(Method.java:498)
	at org.openqa.selenium.support.events.EventFiringWebDriver.lambda$new$1(EventFiringWebDriver.java:105)
	at com.sun.proxy.$Proxy6.findElement(Unknown Source)
	at org.openqa.selenium.support.events.EventFiringWebDriver.findElement(EventFiringWebDriver.java:194)
	at org.openqa.selenium.support.pagefactory.DefaultElementLocator.findElement(DefaultElementLocator.java:69)
	at org.openqa.selenium.support.pagefactory.internal.LocatingElementHandler.invoke(LocatingElementHandler.java:38)
	at com.sun.proxy.$Proxy10.sendKeys(Unknown Source)
	at com.crm.qa.pages.ContactPage.addContacts(ContactPage.java:42)
	at com.crm.qa.testcases.ContactPageTest.createContact(ContactPageTest.java:46)
</failure>
    <system-out>Configuring TestNG with: org.apache.maven.surefire.testng.conf.TestNG652Configurator@4d591d15
Before navigating to: &apos;https://freecrm.co.in/&apos;
Navigated to:&apos;https://freecrm.co.in/&apos;
Trying to find Element By : By.xpath: //*[text() = &apos;Log In&apos;]
Found Element By : By.xpath: //*[text() = &apos;Log In&apos;]
Trying to click on: [[ChromeDriver: chrome on WINDOWS (aa3c271041bb1cee66601159bb337330)] -&gt; xpath: //*[text() = &apos;Log In&apos;]]
Clicked on: [[ChromeDriver: chrome on WINDOWS (aa3c271041bb1cee66601159bb337330)] -&gt; xpath: //*[text() = &apos;Log In&apos;]]
Trying to find Element By : By.name: email
Found Element By : By.name: email
Trying to find Element By : By.name: password
Found Element By : By.name: password
Trying to find Element By : By.xpath: //div[text()=&apos;Login&apos;]
Found Element By : By.xpath: //div[text()=&apos;Login&apos;]
Trying to click on: [[ChromeDriver: chrome on WINDOWS (aa3c271041bb1cee66601159bb337330)] -&gt; xpath: //div[text()=&apos;Login&apos;]]
Clicked on: [[ChromeDriver: chrome on WINDOWS (aa3c271041bb1cee66601159bb337330)] -&gt; xpath: //div[text()=&apos;Login&apos;]]
Trying to find Element By : By.xpath: //div[@id=&apos;main-nav&apos;]/a/i[@class=&apos;users icon&apos;]
Found Element By : By.xpath: //div[@id=&apos;main-nav&apos;]/a/i[@class=&apos;users icon&apos;]
Trying to find Element By : By.xpath: //div[@id=&apos;main-nav&apos;]/a/i[@class=&apos;users icon&apos;]
Found Element By : By.xpath: //div[@id=&apos;main-nav&apos;]/a/i[@class=&apos;users icon&apos;]
Trying to click on: [[ChromeDriver: chrome on WINDOWS (aa3c271041bb1cee66601159bb337330)] -&gt; xpath: //div[@id=&apos;main-nav&apos;]/a/i[@class=&apos;users icon&apos;]]
Clicked on: [[ChromeDriver: chrome on WINDOWS (aa3c271041bb1cee66601159bb337330)] -&gt; xpath: //div[@id=&apos;main-nav&apos;]/a/i[@class=&apos;users icon&apos;]]
Trying to find Element By : By.xpath: //div[text()=&apos;Contacts&apos;]
Found Element By : By.xpath: //div[text()=&apos;Contacts&apos;]
Trying to find Element By : By.xpath: //div[text()=&apos;Contacts&apos;]
Found Element By : By.xpath: //div[text()=&apos;Contacts&apos;]
Trying to find Element By : By.xpath: //button[text()=&apos;New&apos;]
Found Element By : By.xpath: //button[text()=&apos;New&apos;]
Trying to click on: [[ChromeDriver: chrome on WINDOWS (aa3c271041bb1cee66601159bb337330)] -&gt; xpath: //button[text()=&apos;New&apos;]]
Clicked on: [[ChromeDriver: chrome on WINDOWS (aa3c271041bb1cee66601159bb337330)] -&gt; xpath: //button[text()=&apos;New&apos;]]
Trying to find Element By : By.xpath: //input[@name=&apos;first_name&apos;]
Exception occured: org.openqa.selenium.NoSuchElementException: no such element: Unable to locate element: {&quot;method&quot;:&quot;xpath&quot;,&quot;selector&quot;:&quot;//input[@name=&apos;first_name&apos;]&quot;}
  (Session info: chrome=80.0.3987.149)
For documentation on this error, please visit: http://seleniumhq.org/exceptions/no_such_element.html
Build info: version: &apos;3.14.0&apos;, revision: &apos;aacccce0&apos;, time: &apos;2018-08-02T20:19:58.91Z&apos;
System info: host: &apos;LAPTOP-O7MG0NNP&apos;, ip: &apos;192.168.0.82&apos;, os.name: &apos;Windows 10&apos;, os.arch: &apos;amd64&apos;, os.version: &apos;10.0&apos;, java.version: &apos;1.8.0_131&apos;
Driver info: org.openqa.selenium.chrome.ChromeDriver
Capabilities {acceptInsecureCerts: false, browserName: chrome, browserVersion: 80.0.3987.149, chrome: {chromedriverVersion: 80.0.3987.106 (f68069574609..., userDataDir: C:\Users\AmSu\AppData\Local...}, goog:chromeOptions: {debuggerAddress: localhost:58289}, javascriptEnabled: true, networkConnectionEnabled: false, pageLoadStrategy: normal, platform: WINDOWS, platformName: WINDOWS, proxy: Proxy(), setWindowRect: true, strictFileInteractability: false, timeouts: {implicit: 0, pageLoad: 300000, script: 30000}, unhandledPromptBehavior: dismiss and notify}
Session ID: aa3c271041bb1cee66601159bb337330
*** Element info: {Using=xpath, value=//input[@name=&apos;first_name&apos;]}
</system-out>
    <system-err>Starting ChromeDriver 80.0.3987.106 (f68069574609230cf9b635cd784cfb1bf81bb53a-refs/branch-heads/3987@{#882}) on port 21847
Only local connections are allowed.
Please protect ports used by ChromeDriver and related test frameworks to prevent access by malicious code.
[1585810070.495][WARNING]: Timed out connecting to Chrome, retrying...
Apr 02, 2020 12:17:52 PM org.openqa.selenium.remote.ProtocolHandshake createSession
INFO: Detected dialect: W3C
[1585810074.688][WARNING]: Timed out connecting to Chrome, retrying...
[1585810078.477][SEVERE]: Timed out receiving message from renderer: 0.100
[1585810078.585][SEVERE]: Timed out receiving message from renderer: 0.100
[1585810078.689][SEVERE]: Timed out receiving message from renderer: 0.100
[1585810078.794][SEVERE]: Timed out receiving message from renderer: 0.100
[1585810078.895][SEVERE]: Timed out receiving message from renderer: 0.100
[1585810078.996][SEVERE]: Timed out receiving message from renderer: 0.100
[1585810079.113][SEVERE]: Timed out receiving message from renderer: 0.100
[1585810079.214][SEVERE]: Timed out receiving message from renderer: 0.100
[1585810079.315][SEVERE]: Timed out receiving message from renderer: 0.100
[1585810079.418][SEVERE]: Timed out receiving message from renderer: 0.100
[1585810079.520][SEVERE]: Timed out receiving message from renderer: 0.100
[1585810079.623][SEVERE]: Timed out receiving message from renderer: 0.100
[1585810079.728][SEVERE]: Timed out receiving message from renderer: 0.100
[1585810079.830][SEVERE]: Timed out receiving message from renderer: 0.100
[1585810079.932][SEVERE]: Timed out receiving message from renderer: 0.100
[1585810080.037][SEVERE]: Timed out receiving message from renderer: 0.100
[1585810080.149][SEVERE]: Timed out receiving message from renderer: 0.100
[1585810080.250][SEVERE]: Timed out receiving message from renderer: 0.100
[1585810080.353][SEVERE]: Timed out receiving message from renderer: 0.100
[1585810080.457][SEVERE]: Timed out receiving message from renderer: 0.100
[1585810080.971][SEVERE]: Timed out receiving message from renderer: 0.100
[1585810081.072][SEVERE]: Timed out receiving message from renderer: 0.100
[1585810081.333][SEVERE]: Timed out receiving message from renderer: 0.100
[1585810081.436][SEVERE]: Timed out receiving message from renderer: 0.100
[1585810081.562][SEVERE]: Timed out receiving message from renderer: 0.100
[1585810081.685][SEVERE]: Timed out receiving message from renderer: 0.100
[1585810081.801][SEVERE]: Timed out receiving message from renderer: 0.100
[1585810081.982][SEVERE]: Timed out receiving message from renderer: 0.100
[1585810083.414][SEVERE]: Timed out receiving message from renderer: 0.100
[1585810083.520][SEVERE]: Timed out receiving message from renderer: 0.100
[1585810083.624][SEVERE]: Timed out receiving message from renderer: 0.100
[1585810083.739][SEVERE]: Timed out receiving message from renderer: 0.100
[1585810083.871][SEVERE]: Timed out receiving message from renderer: 0.100
[1585810083.972][SEVERE]: Timed out receiving message from renderer: 0.100
[1585810084.074][SEVERE]: Timed out receiving message from renderer: 0.100
[1585810084.351][SEVERE]: Timed out receiving message from renderer: 0.100
[1585810084.458][SEVERE]: Timed out receiving message from renderer: 0.100
[1585810084.576][SEVERE]: Timed out receiving message from renderer: 0.100
[1585810084.692][SEVERE]: Timed out receiving message from renderer: 0.100
[1585810084.803][SEVERE]: Timed out receiving message from renderer: 0.100
[1585810084.932][SEVERE]: Timed out receiving message from renderer: 0.100
[1585810085.036][SEVERE]: Timed out receiving message from renderer: 0.100
[1585810085.137][SEVERE]: Timed out receiving message from renderer: 0.100
[1585810085.241][SEVERE]: Timed out receiving message from renderer: 0.100
[1585810085.354][SEVERE]: Timed out receiving message from renderer: 0.100
[1585810085.487][SEVERE]: Timed out receiving message from renderer: 0.100
[1585810085.588][SEVERE]: Timed out receiving message from renderer: 0.100
[1585810085.698][SEVERE]: Timed out receiving message from renderer: 0.100
[1585810085.813][SEVERE]: Timed out receiving message from renderer: 0.100
[1585810086.509][SEVERE]: Timed out receiving message from renderer: 0.100
[1585810086.610][SEVERE]: Timed out receiving message from renderer: 0.100
[1585810086.719][SEVERE]: Timed out receiving message from renderer: 0.100
[1585810086.862][SEVERE]: Timed out receiving message from renderer: 0.100
[1585810087.024][SEVERE]: Timed out receiving message from renderer: 0.100
[1585810087.182][SEVERE]: Timed out receiving message from renderer: 0.100
[1585810087.477][SEVERE]: Timed out receiving message from renderer: 0.100
[1585810087.580][SEVERE]: Timed out receiving message from renderer: 0.100
</system-err>
  </testcase>
  <testcase classname="com.crm.qa.testcases.ContactPageTest" name="createContact" time="25.354">
    <failure message="no such element: Unable to locate element: {&quot;method&quot;:&quot;xpath&quot;,&quot;selector&quot;:&quot;//input[@name=&apos;first_name&apos;]&quot;}
  (Session info: chrome=80.0.3987.149)
For documentation on this error, please visit: http://seleniumhq.org/exceptions/no_such_element.html
Build info: version: &apos;3.14.0&apos;, revision: &apos;aacccce0&apos;, time: &apos;2018-08-02T20:19:58.91Z&apos;
System info: host: &apos;LAPTOP-O7MG0NNP&apos;, ip: &apos;192.168.0.82&apos;, os.name: &apos;Windows 10&apos;, os.arch: &apos;amd64&apos;, os.version: &apos;10.0&apos;, java.version: &apos;1.8.0_131&apos;
Driver info: org.openqa.selenium.chrome.ChromeDriver
Capabilities {acceptInsecureCerts: false, browserName: chrome, browserVersion: 80.0.3987.149, chrome: {chromedriverVersion: 80.0.3987.106 (f68069574609..., userDataDir: C:\Users\AmSu\AppData\Local...}, goog:chromeOptions: {debuggerAddress: localhost:58349}, javascriptEnabled: true, networkConnectionEnabled: false, pageLoadStrategy: normal, platform: WINDOWS, platformName: WINDOWS, proxy: Proxy(), setWindowRect: true, strictFileInteractability: false, timeouts: {implicit: 0, pageLoad: 300000, script: 30000}, unhandledPromptBehavior: dismiss and notify}
Session ID: 661a3d3b06d599573b96c28f1bcdc210
*** Element info: {Using=xpath, value=//input[@name=&apos;first_name&apos;]}" type="org.openqa.selenium.NoSuchElementException">org.openqa.selenium.NoSuchElementException: no such element: Unable to locate element: {&quot;method&quot;:&quot;xpath&quot;,&quot;selector&quot;:&quot;//input[@name=&apos;first_name&apos;]&quot;}
  (Session info: chrome=80.0.3987.149)
For documentation on this error, please visit: http://seleniumhq.org/exceptions/no_such_element.html
Build info: version: &apos;3.14.0&apos;, revision: &apos;aacccce0&apos;, time: &apos;2018-08-02T20:19:58.91Z&apos;
System info: host: &apos;LAPTOP-O7MG0NNP&apos;, ip: &apos;192.168.0.82&apos;, os.name: &apos;Windows 10&apos;, os.arch: &apos;amd64&apos;, os.version: &apos;10.0&apos;, java.version: &apos;1.8.0_131&apos;
Driver info: org.openqa.selenium.chrome.ChromeDriver
Capabilities {acceptInsecureCerts: false, browserName: chrome, browserVersion: 80.0.3987.149, chrome: {chromedriverVersion: 80.0.3987.106 (f68069574609..., userDataDir: C:\Users\AmSu\AppData\Local...}, goog:chromeOptions: {debuggerAddress: localhost:58349}, javascriptEnabled: true, networkConnectionEnabled: false, pageLoadStrategy: normal, platform: WINDOWS, platformName: WINDOWS, proxy: Proxy(), setWindowRect: true, strictFileInteractability: false, timeouts: {implicit: 0, pageLoad: 300000, script: 30000}, unhandledPromptBehavior: dismiss and notify}
Session ID: 661a3d3b06d599573b96c28f1bcdc210
*** Element info: {Using=xpath, value=//input[@name=&apos;first_name&apos;]}
	at sun.reflect.NativeConstructorAccessorImpl.newInstance0(Native Method)
	at sun.reflect.NativeConstructorAccessorImpl.newInstance(NativeConstructorAccessorImpl.java:62)
	at sun.reflect.DelegatingConstructorAccessorImpl.newInstance(DelegatingConstructorAccessorImpl.java:45)
	at java.lang.reflect.Constructor.newInstance(Constructor.java:423)
	at org.openqa.selenium.remote.http.W3CHttpResponseCodec.createException(W3CHttpResponseCodec.java:187)
	at org.openqa.selenium.remote.http.W3CHttpResponseCodec.decode(W3CHttpResponseCodec.java:122)
	at org.openqa.selenium.remote.http.W3CHttpResponseCodec.decode(W3CHttpResponseCodec.java:49)
	at org.openqa.selenium.remote.HttpCommandExecutor.execute(HttpCommandExecutor.java:158)
	at org.openqa.selenium.remote.service.DriverCommandExecutor.execute(DriverCommandExecutor.java:83)
	at org.openqa.selenium.remote.RemoteWebDriver.execute(RemoteWebDriver.java:548)
	at org.openqa.selenium.remote.RemoteWebDriver.findElement(RemoteWebDriver.java:322)
	at org.openqa.selenium.remote.RemoteWebDriver.findElementByXPath(RemoteWebDriver.java:424)
	at org.openqa.selenium.By$ByXPath.findElement(By.java:353)
	at org.openqa.selenium.remote.RemoteWebDriver.findElement(RemoteWebDriver.java:314)
	at sun.reflect.GeneratedMethodAccessor2.invoke(Unknown Source)
	at sun.reflect.DelegatingMethodAccessorImpl.invoke(DelegatingMethodAccessorImpl.java:43)
	at java.lang.reflect.Method.invoke(Method.java:498)
	at org.openqa.selenium.support.events.EventFiringWebDriver.lambda$new$1(EventFiringWebDriver.java:105)
	at com.sun.proxy.$Proxy6.findElement(Unknown Source)
	at org.openqa.selenium.support.events.EventFiringWebDriver.findElement(EventFiringWebDriver.java:194)
	at org.openqa.selenium.support.pagefactory.DefaultElementLocator.findElement(DefaultElementLocator.java:69)
	at org.openqa.selenium.support.pagefactory.internal.LocatingElementHandler.invoke(LocatingElementHandler.java:38)
	at com.sun.proxy.$Proxy10.sendKeys(Unknown Source)
	at com.crm.qa.pages.ContactPage.addContacts(ContactPage.java:42)
	at com.crm.qa.testcases.ContactPageTest.createContact(ContactPageTest.java:46)
</failure>
    <system-out>Before navigating to: &apos;https://freecrm.co.in/&apos;
Navigated to:&apos;https://freecrm.co.in/&apos;
Trying to find Element By : By.xpath: //*[text() = &apos;Log In&apos;]
Found Element By : By.xpath: //*[text() = &apos;Log In&apos;]
Trying to click on: [[ChromeDriver: chrome on WINDOWS (661a3d3b06d599573b96c28f1bcdc210)] -&gt; xpath: //*[text() = &apos;Log In&apos;]]
Clicked on: [[ChromeDriver: chrome on WINDOWS (661a3d3b06d599573b96c28f1bcdc210)] -&gt; xpath: //*[text() = &apos;Log In&apos;]]
Trying to find Element By : By.name: email
Found Element By : By.name: email
Trying to find Element By : By.name: password
Found Element By : By.name: password
Trying to find Element By : By.xpath: //div[text()=&apos;Login&apos;]
Found Element By : By.xpath: //div[text()=&apos;Login&apos;]
Trying to click on: [[ChromeDriver: chrome on WINDOWS (661a3d3b06d599573b96c28f1bcdc210)] -&gt; xpath: //div[text()=&apos;Login&apos;]]
Clicked on: [[ChromeDriver: chrome on WINDOWS (661a3d3b06d599573b96c28f1bcdc210)] -&gt; xpath: //div[text()=&apos;Login&apos;]]
Trying to find Element By : By.xpath: //div[@id=&apos;main-nav&apos;]/a/i[@class=&apos;users icon&apos;]
Found Element By : By.xpath: //div[@id=&apos;main-nav&apos;]/a/i[@class=&apos;users icon&apos;]
Trying to find Element By : By.xpath: //div[@id=&apos;main-nav&apos;]/a/i[@class=&apos;users icon&apos;]
Found Element By : By.xpath: //div[@id=&apos;main-nav&apos;]/a/i[@class=&apos;users icon&apos;]
Trying to click on: [[ChromeDriver: chrome on WINDOWS (661a3d3b06d599573b96c28f1bcdc210)] -&gt; xpath: //div[@id=&apos;main-nav&apos;]/a/i[@class=&apos;users icon&apos;]]
Clicked on: [[ChromeDriver: chrome on WINDOWS (661a3d3b06d599573b96c28f1bcdc210)] -&gt; xpath: //div[@id=&apos;main-nav&apos;]/a/i[@class=&apos;users icon&apos;]]
Trying to find Element By : By.xpath: //div[text()=&apos;Contacts&apos;]
Found Element By : By.xpath: //div[text()=&apos;Contacts&apos;]
Trying to find Element By : By.xpath: //div[text()=&apos;Contacts&apos;]
Found Element By : By.xpath: //div[text()=&apos;Contacts&apos;]
Trying to find Element By : By.xpath: //button[text()=&apos;New&apos;]
Found Element By : By.xpath: //button[text()=&apos;New&apos;]
Trying to click on: [[ChromeDriver: chrome on WINDOWS (661a3d3b06d599573b96c28f1bcdc210)] -&gt; xpath: //button[text()=&apos;New&apos;]]
Clicked on: [[ChromeDriver: chrome on WINDOWS (661a3d3b06d599573b96c28f1bcdc210)] -&gt; xpath: //button[text()=&apos;New&apos;]]
Trying to find Element By : By.xpath: //input[@name=&apos;first_name&apos;]
Exception occured: org.openqa.selenium.NoSuchElementException: no such element: Unable to locate element: {&quot;method&quot;:&quot;xpath&quot;,&quot;selector&quot;:&quot;//input[@name=&apos;first_name&apos;]&quot;}
  (Session info: chrome=80.0.3987.149)
For documentation on this error, please visit: http://seleniumhq.org/exceptions/no_such_element.html
Build info: version: &apos;3.14.0&apos;, revision: &apos;aacccce0&apos;, time: &apos;2018-08-02T20:19:58.91Z&apos;
System info: host: &apos;LAPTOP-O7MG0NNP&apos;, ip: &apos;192.168.0.82&apos;, os.name: &apos;Windows 10&apos;, os.arch: &apos;amd64&apos;, os.version: &apos;10.0&apos;, java.version: &apos;1.8.0_131&apos;
Driver info: org.openqa.selenium.chrome.ChromeDriver
Capabilities {acceptInsecureCerts: false, browserName: chrome, browserVersion: 80.0.3987.149, chrome: {chromedriverVersion: 80.0.3987.106 (f68069574609..., userDataDir: C:\Users\AmSu\AppData\Local...}, goog:chromeOptions: {debuggerAddress: localhost:58349}, javascriptEnabled: true, networkConnectionEnabled: false, pageLoadStrategy: normal, platform: WINDOWS, platformName: WINDOWS, proxy: Proxy(), setWindowRect: true, strictFileInteractability: false, timeouts: {implicit: 0, pageLoad: 300000, script: 30000}, unhandledPromptBehavior: dismiss and notify}
Session ID: 661a3d3b06d599573b96c28f1bcdc210
*** Element info: {Using=xpath, value=//input[@name=&apos;first_name&apos;]}
</system-out>
    <system-err>Starting ChromeDriver 80.0.3987.106 (f68069574609230cf9b635cd784cfb1bf81bb53a-refs/branch-heads/3987@{#882}) on port 13682
Only local connections are allowed.
Please protect ports used by ChromeDriver and related test frameworks to prevent access by malicious code.
[1585810117.193][WARNING]: Timed out connecting to Chrome, retrying...
Apr 02, 2020 12:18:39 PM org.openqa.selenium.remote.ProtocolHandshake createSession
INFO: Detected dialect: W3C
[1585810121.381][WARNING]: Timed out connecting to Chrome, retrying...
[1585810125.009][SEVERE]: Timed out receiving message from renderer: 0.100
[1585810125.118][SEVERE]: Timed out receiving message from renderer: 0.100
[1585810125.233][SEVERE]: Timed out receiving message from renderer: 0.100
[1585810125.385][SEVERE]: Timed out receiving message from renderer: 0.100
[1585810127.064][SEVERE]: Timed out receiving message from renderer: 0.100
[1585810127.172][SEVERE]: Timed out receiving message from renderer: 0.100
[1585810127.276][SEVERE]: Timed out receiving message from renderer: 0.100
[1585810127.377][SEVERE]: Timed out receiving message from renderer: 0.100
[1585810127.523][SEVERE]: Timed out receiving message from renderer: 0.100
[1585810127.683][SEVERE]: Timed out receiving message from renderer: 0.100
[1585810130.330][SEVERE]: Timed out receiving message from renderer: 0.100
[1585810130.513][SEVERE]: Timed out receiving message from renderer: 0.100
[1585810130.617][SEVERE]: Timed out receiving message from renderer: 0.100
[1585810130.718][SEVERE]: Timed out receiving message from renderer: 0.100
[1585810130.871][SEVERE]: Timed out receiving message from renderer: 0.100
[1585810131.028][SEVERE]: Timed out receiving message from renderer: 0.100
[1585810131.143][SEVERE]: Timed out receiving message from renderer: 0.100
[1585810131.310][SEVERE]: Timed out receiving message from renderer: 0.100
[1585810131.411][SEVERE]: Timed out receiving message from renderer: 0.100
[1585810131.512][SEVERE]: Timed out receiving message from renderer: 0.100
[1585810131.622][SEVERE]: Timed out receiving message from renderer: 0.100
[1585810131.753][SEVERE]: Timed out receiving message from renderer: 0.100
[1585810131.855][SEVERE]: Timed out receiving message from renderer: 0.100
[1585810132.727][SEVERE]: Timed out receiving message from renderer: 0.100
[1585810132.830][SEVERE]: Timed out receiving message from renderer: 0.100
[1585810132.933][SEVERE]: Timed out receiving message from renderer: 0.100
[1585810133.041][SEVERE]: Timed out receiving message from renderer: 0.100
[1585810133.164][SEVERE]: Timed out receiving message from renderer: 0.100
[1585810133.266][SEVERE]: Timed out receiving message from renderer: 0.100
[1585810133.369][SEVERE]: Timed out receiving message from renderer: 0.100
[1585810133.897][SEVERE]: Timed out receiving message from renderer: 0.100
</system-err>
  </testcase>
  <testcase classname="com.crm.qa.testcases.ContactPageTest" name="createContact" time="23.517">
    <failure message="no such element: Unable to locate element: {&quot;method&quot;:&quot;xpath&quot;,&quot;selector&quot;:&quot;//input[@name=&apos;first_name&apos;]&quot;}
  (Session info: chrome=80.0.3987.149)
For documentation on this error, please visit: http://seleniumhq.org/exceptions/no_such_element.html
Build info: version: &apos;3.14.0&apos;, revision: &apos;aacccce0&apos;, time: &apos;2018-08-02T20:19:58.91Z&apos;
System info: host: &apos;LAPTOP-O7MG0NNP&apos;, ip: &apos;192.168.0.82&apos;, os.name: &apos;Windows 10&apos;, os.arch: &apos;amd64&apos;, os.version: &apos;10.0&apos;, java.version: &apos;1.8.0_131&apos;
Driver info: org.openqa.selenium.chrome.ChromeDriver
Capabilities {acceptInsecureCerts: false, browserName: chrome, browserVersion: 80.0.3987.149, chrome: {chromedriverVersion: 80.0.3987.106 (f68069574609..., userDataDir: C:\Users\AmSu\AppData\Local...}, goog:chromeOptions: {debuggerAddress: localhost:58413}, javascriptEnabled: true, networkConnectionEnabled: false, pageLoadStrategy: normal, platform: WINDOWS, platformName: WINDOWS, proxy: Proxy(), setWindowRect: true, strictFileInteractability: false, timeouts: {implicit: 0, pageLoad: 300000, script: 30000}, unhandledPromptBehavior: dismiss and notify}
Session ID: 39d995fa88f63916b32c215fcdba6ac3
*** Element info: {Using=xpath, value=//input[@name=&apos;first_name&apos;]}" type="org.openqa.selenium.NoSuchElementException">org.openqa.selenium.NoSuchElementException: no such element: Unable to locate element: {&quot;method&quot;:&quot;xpath&quot;,&quot;selector&quot;:&quot;//input[@name=&apos;first_name&apos;]&quot;}
  (Session info: chrome=80.0.3987.149)
For documentation on this error, please visit: http://seleniumhq.org/exceptions/no_such_element.html
Build info: version: &apos;3.14.0&apos;, revision: &apos;aacccce0&apos;, time: &apos;2018-08-02T20:19:58.91Z&apos;
System info: host: &apos;LAPTOP-O7MG0NNP&apos;, ip: &apos;192.168.0.82&apos;, os.name: &apos;Windows 10&apos;, os.arch: &apos;amd64&apos;, os.version: &apos;10.0&apos;, java.version: &apos;1.8.0_131&apos;
Driver info: org.openqa.selenium.chrome.ChromeDriver
Capabilities {acceptInsecureCerts: false, browserName: chrome, browserVersion: 80.0.3987.149, chrome: {chromedriverVersion: 80.0.3987.106 (f68069574609..., userDataDir: C:\Users\AmSu\AppData\Local...}, goog:chromeOptions: {debuggerAddress: localhost:58413}, javascriptEnabled: true, networkConnectionEnabled: false, pageLoadStrategy: normal, platform: WINDOWS, platformName: WINDOWS, proxy: Proxy(), setWindowRect: true, strictFileInteractability: false, timeouts: {implicit: 0, pageLoad: 300000, script: 30000}, unhandledPromptBehavior: dismiss and notify}
Session ID: 39d995fa88f63916b32c215fcdba6ac3
*** Element info: {Using=xpath, value=//input[@name=&apos;first_name&apos;]}
	at sun.reflect.NativeConstructorAccessorImpl.newInstance0(Native Method)
	at sun.reflect.NativeConstructorAccessorImpl.newInstance(NativeConstructorAccessorImpl.java:62)
	at sun.reflect.DelegatingConstructorAccessorImpl.newInstance(DelegatingConstructorAccessorImpl.java:45)
	at java.lang.reflect.Constructor.newInstance(Constructor.java:423)
	at org.openqa.selenium.remote.http.W3CHttpResponseCodec.createException(W3CHttpResponseCodec.java:187)
	at org.openqa.selenium.remote.http.W3CHttpResponseCodec.decode(W3CHttpResponseCodec.java:122)
	at org.openqa.selenium.remote.http.W3CHttpResponseCodec.decode(W3CHttpResponseCodec.java:49)
	at org.openqa.selenium.remote.HttpCommandExecutor.execute(HttpCommandExecutor.java:158)
	at org.openqa.selenium.remote.service.DriverCommandExecutor.execute(DriverCommandExecutor.java:83)
	at org.openqa.selenium.remote.RemoteWebDriver.execute(RemoteWebDriver.java:548)
	at org.openqa.selenium.remote.RemoteWebDriver.findElement(RemoteWebDriver.java:322)
	at org.openqa.selenium.remote.RemoteWebDriver.findElementByXPath(RemoteWebDriver.java:424)
	at org.openqa.selenium.By$ByXPath.findElement(By.java:353)
	at org.openqa.selenium.remote.RemoteWebDriver.findElement(RemoteWebDriver.java:314)
	at sun.reflect.GeneratedMethodAccessor2.invoke(Unknown Source)
	at sun.reflect.DelegatingMethodAccessorImpl.invoke(DelegatingMethodAccessorImpl.java:43)
	at java.lang.reflect.Method.invoke(Method.java:498)
	at org.openqa.selenium.support.events.EventFiringWebDriver.lambda$new$1(EventFiringWebDriver.java:105)
	at com.sun.proxy.$Proxy6.findElement(Unknown Source)
	at org.openqa.selenium.support.events.EventFiringWebDriver.findElement(EventFiringWebDriver.java:194)
	at org.openqa.selenium.support.pagefactory.DefaultElementLocator.findElement(DefaultElementLocator.java:69)
	at org.openqa.selenium.support.pagefactory.internal.LocatingElementHandler.invoke(LocatingElementHandler.java:38)
	at com.sun.proxy.$Proxy10.sendKeys(Unknown Source)
	at com.crm.qa.pages.ContactPage.addContacts(ContactPage.java:42)
	at com.crm.qa.testcases.ContactPageTest.createContact(ContactPageTest.java:46)
</failure>
    <system-out>Before navigating to: &apos;https://freecrm.co.in/&apos;
Navigated to:&apos;https://freecrm.co.in/&apos;
Trying to find Element By : By.xpath: //*[text() = &apos;Log In&apos;]
Found Element By : By.xpath: //*[text() = &apos;Log In&apos;]
Trying to click on: [[ChromeDriver: chrome on WINDOWS (39d995fa88f63916b32c215fcdba6ac3)] -&gt; xpath: //*[text() = &apos;Log In&apos;]]
Clicked on: [[ChromeDriver: chrome on WINDOWS (39d995fa88f63916b32c215fcdba6ac3)] -&gt; xpath: //*[text() = &apos;Log In&apos;]]
Trying to find Element By : By.name: email
Found Element By : By.name: email
Trying to find Element By : By.name: password
Found Element By : By.name: password
Trying to find Element By : By.xpath: //div[text()=&apos;Login&apos;]
Found Element By : By.xpath: //div[text()=&apos;Login&apos;]
Trying to click on: [[ChromeDriver: chrome on WINDOWS (39d995fa88f63916b32c215fcdba6ac3)] -&gt; xpath: //div[text()=&apos;Login&apos;]]
Clicked on: [[ChromeDriver: chrome on WINDOWS (39d995fa88f63916b32c215fcdba6ac3)] -&gt; xpath: //div[text()=&apos;Login&apos;]]
Trying to find Element By : By.xpath: //div[@id=&apos;main-nav&apos;]/a/i[@class=&apos;users icon&apos;]
Found Element By : By.xpath: //div[@id=&apos;main-nav&apos;]/a/i[@class=&apos;users icon&apos;]
Trying to find Element By : By.xpath: //div[@id=&apos;main-nav&apos;]/a/i[@class=&apos;users icon&apos;]
Found Element By : By.xpath: //div[@id=&apos;main-nav&apos;]/a/i[@class=&apos;users icon&apos;]
Trying to click on: [[ChromeDriver: chrome on WINDOWS (39d995fa88f63916b32c215fcdba6ac3)] -&gt; xpath: //div[@id=&apos;main-nav&apos;]/a/i[@class=&apos;users icon&apos;]]
Clicked on: [[ChromeDriver: chrome on WINDOWS (39d995fa88f63916b32c215fcdba6ac3)] -&gt; xpath: //div[@id=&apos;main-nav&apos;]/a/i[@class=&apos;users icon&apos;]]
Trying to find Element By : By.xpath: //div[text()=&apos;Contacts&apos;]
Found Element By : By.xpath: //div[text()=&apos;Contacts&apos;]
Trying to find Element By : By.xpath: //div[text()=&apos;Contacts&apos;]
Found Element By : By.xpath: //div[text()=&apos;Contacts&apos;]
Trying to find Element By : By.xpath: //button[text()=&apos;New&apos;]
Found Element By : By.xpath: //button[text()=&apos;New&apos;]
Trying to click on: [[ChromeDriver: chrome on WINDOWS (39d995fa88f63916b32c215fcdba6ac3)] -&gt; xpath: //button[text()=&apos;New&apos;]]
Clicked on: [[ChromeDriver: chrome on WINDOWS (39d995fa88f63916b32c215fcdba6ac3)] -&gt; xpath: //button[text()=&apos;New&apos;]]
Trying to find Element By : By.xpath: //input[@name=&apos;first_name&apos;]
Exception occured: org.openqa.selenium.NoSuchElementException: no such element: Unable to locate element: {&quot;method&quot;:&quot;xpath&quot;,&quot;selector&quot;:&quot;//input[@name=&apos;first_name&apos;]&quot;}
  (Session info: chrome=80.0.3987.149)
For documentation on this error, please visit: http://seleniumhq.org/exceptions/no_such_element.html
Build info: version: &apos;3.14.0&apos;, revision: &apos;aacccce0&apos;, time: &apos;2018-08-02T20:19:58.91Z&apos;
System info: host: &apos;LAPTOP-O7MG0NNP&apos;, ip: &apos;192.168.0.82&apos;, os.name: &apos;Windows 10&apos;, os.arch: &apos;amd64&apos;, os.version: &apos;10.0&apos;, java.version: &apos;1.8.0_131&apos;
Driver info: org.openqa.selenium.chrome.ChromeDriver
Capabilities {acceptInsecureCerts: false, browserName: chrome, browserVersion: 80.0.3987.149, chrome: {chromedriverVersion: 80.0.3987.106 (f68069574609..., userDataDir: C:\Users\AmSu\AppData\Local...}, goog:chromeOptions: {debuggerAddress: localhost:58413}, javascriptEnabled: true, networkConnectionEnabled: false, pageLoadStrategy: normal, platform: WINDOWS, platformName: WINDOWS, proxy: Proxy(), setWindowRect: true, strictFileInteractability: false, timeouts: {implicit: 0, pageLoad: 300000, script: 30000}, unhandledPromptBehavior: dismiss and notify}
Session ID: 39d995fa88f63916b32c215fcdba6ac3
*** Element info: {Using=xpath, value=//input[@name=&apos;first_name&apos;]}
</system-out>
    <system-err>Starting ChromeDriver 80.0.3987.106 (f68069574609230cf9b635cd784cfb1bf81bb53a-refs/branch-heads/3987@{#882}) on port 2694
Only local connections are allowed.
Please protect ports used by ChromeDriver and related test frameworks to prevent access by malicious code.
[1585810165.973][WARNING]: Timed out connecting to Chrome, retrying...
Apr 02, 2020 12:19:28 PM org.openqa.selenium.remote.ProtocolHandshake createSession
INFO: Detected dialect: W3C
[1585810170.067][WARNING]: Timed out connecting to Chrome, retrying...
[1585810173.091][SEVERE]: Timed out receiving message from renderer: 0.100
[1585810173.192][SEVERE]: Timed out receiving message from renderer: 0.100
[1585810173.294][SEVERE]: Timed out receiving message from renderer: 0.100
[1585810173.396][SEVERE]: Timed out receiving message from renderer: 0.100
[1585810173.499][SEVERE]: Timed out receiving message from renderer: 0.100
[1585810173.606][SEVERE]: Timed out receiving message from renderer: 0.100
[1585810173.715][SEVERE]: Timed out receiving message from renderer: 0.100
[1585810177.583][SEVERE]: Timed out receiving message from renderer: 0.100
[1585810177.694][SEVERE]: Timed out receiving message from renderer: 0.100
[1585810177.809][SEVERE]: Timed out receiving message from renderer: 0.100
[1585810177.933][SEVERE]: Timed out receiving message from renderer: 0.100
[1585810178.045][SEVERE]: Timed out receiving message from renderer: 0.100
[1585810178.201][SEVERE]: Timed out receiving message from renderer: 0.100
[1585810178.308][SEVERE]: Timed out receiving message from renderer: 0.100
[1585810178.414][SEVERE]: Timed out receiving message from renderer: 0.100
[1585810178.515][SEVERE]: Timed out receiving message from renderer: 0.100
[1585810178.616][SEVERE]: Timed out receiving message from renderer: 0.100
[1585810178.717][SEVERE]: Timed out receiving message from renderer: 0.100
[1585810178.818][SEVERE]: Timed out receiving message from renderer: 0.100
[1585810178.925][SEVERE]: Timed out receiving message from renderer: 0.100
[1585810179.029][SEVERE]: Timed out receiving message from renderer: 0.100
[1585810179.150][SEVERE]: Timed out receiving message from renderer: 0.100
[1585810179.256][SEVERE]: Timed out receiving message from renderer: 0.100
[1585810179.365][SEVERE]: Timed out receiving message from renderer: 0.100
[1585810179.484][SEVERE]: Timed out receiving message from renderer: 0.100
[1585810179.587][SEVERE]: Timed out receiving message from renderer: 0.100
[1585810179.694][SEVERE]: Timed out receiving message from renderer: 0.100
[1585810179.799][SEVERE]: Timed out receiving message from renderer: 0.100
[1585810179.902][SEVERE]: Timed out receiving message from renderer: 0.100
[1585810180.007][SEVERE]: Timed out receiving message from renderer: 0.100
[1585810180.109][SEVERE]: Timed out receiving message from renderer: 0.100
[1585810180.212][SEVERE]: Timed out receiving message from renderer: 0.100
[1585810180.314][SEVERE]: Timed out receiving message from renderer: 0.100
[1585810180.415][SEVERE]: Timed out receiving message from renderer: 0.100
[1585810180.517][SEVERE]: Timed out receiving message from renderer: 0.100
[1585810180.624][SEVERE]: Timed out receiving message from renderer: 0.100
[1585810180.726][SEVERE]: Timed out receiving message from renderer: 0.100
[1585810181.451][SEVERE]: Timed out receiving message from renderer: 0.100
[1585810181.641][SEVERE]: Timed out receiving message from renderer: 0.100
[1585810181.778][SEVERE]: Timed out receiving message from renderer: 0.100
[1585810182.046][SEVERE]: Timed out receiving message from renderer: 0.100
[1585810182.267][SEVERE]: Timed out receiving message from renderer: 0.100
</system-err>
  </testcase>
  <testcase classname="com.crm.qa.testcases.HomePageTest" name="navCalendarPage" time="2.98"/>
  <testcase classname="com.crm.qa.testcases.HomePageTest" name="navContactPage" time="2.913"/>
  <testcase classname="com.crm.qa.testcases.HomePageTest" name="verifyHomePage" time="0.029"/>
  <testcase classname="com.crm.qa.testcases.HomePageTest" name="verifyUserName" time="2.315"/>
  <testcase classname="com.crm.qa.testcases.LoginPageTest" name="labelTest" time="0.417"/>
  <testcase classname="com.crm.qa.testcases.LoginPageTest" name="loginTest" time="6.512"/>
  <testcase classname="com.crm.qa.testcases.LoginPageTest" name="titleTest" time="0.03"/>
</testsuite>